2022-04-29 06:49:05,763: INFO: 






2022-04-29 06:49:05,764: INFO: ##################################################################
2022-04-29 06:49:05,764: INFO: ##################################################################
2022-04-29 06:49:05,764: INFO: ##################################################################
2022-04-29 06:49:05,765: INFO: ##################################################################
2022-04-29 06:49:05,765: INFO: 






2022-04-29 06:49:05,765: INFO: 
###### Iteration at: 2022-04-29 06:49:05.765934 ######
2022-04-29 06:49:06,785: INFO: next steps: short (stochastic is verified)
2022-04-29 06:49:06,788: INFO: skip (condition 5 min NOT verified)
2022-04-29 06:49:06,792: INFO: 
###### Iteration at: 2022-04-29 06:49:06.791928 ######
2022-04-29 06:49:08,251: INFO: next steps: short (stochastic is verified)
2022-04-29 06:49:08,254: INFO: skip (condition 5 min NOT verified)
2022-04-29 06:49:08,254: INFO: 
###### Iteration at: 2022-04-29 06:49:08.254600 ######
2022-04-29 06:49:09,793: INFO: next steps: short (stochastic is verified)
2022-04-29 06:49:09,796: INFO: skip (condition 5 min NOT verified)
2022-04-29 06:49:09,797: INFO: 
###### Iteration at: 2022-04-29 06:49:09.797292 ######
2022-04-29 06:49:11,241: INFO: next steps: short (stochastic is verified)
2022-04-29 06:49:11,243: INFO: skip (condition 5 min NOT verified)
2022-04-29 06:49:11,244: INFO: 
###### Iteration at: 2022-04-29 06:49:11.243009 ######
2022-04-29 06:50:01,331: INFO: 






2022-04-29 06:50:01,332: INFO: ##################################################################
2022-04-29 06:50:01,332: INFO: ##################################################################
2022-04-29 06:50:01,332: INFO: ##################################################################
2022-04-29 06:50:01,332: INFO: ##################################################################
2022-04-29 06:50:01,332: INFO: 






2022-04-29 06:50:01,333: INFO: 

###### Iteration at: 2022-04-29 06:50:01.333911 ######
2022-04-29 06:50:02,353: INFO: next steps: short (stochastic is verified)
2022-04-29 06:50:02,355: INFO: next steps (Short): Verify div (condition 5 min verified)
2022-04-29 06:50:02,461: INFO: skip (no divergence detected)
2022-04-29 06:50:02,462: INFO: 

###### Iteration at: 2022-04-29 06:50:02.462054 ######
2022-04-29 06:50:03,215: INFO: next steps: short (stochastic is verified)
2022-04-29 06:50:03,218: INFO: next steps (Short): Verify div (condition 5 min verified)
2022-04-29 06:50:03,314: INFO: skip (no divergence detected)
2022-04-29 06:50:03,314: INFO: 

###### Iteration at: 2022-04-29 06:50:03.314998 ######
2022-04-29 06:50:05,473: INFO: next steps: short (stochastic is verified)
2022-04-29 06:50:05,476: INFO: next steps (Short): Verify div (condition 5 min verified)
2022-04-29 06:50:05,546: INFO: skip (no divergence detected)
2022-04-29 06:50:05,546: INFO: 

###### Iteration at: 2022-04-29 06:50:05.546955 ######
2022-04-29 06:50:07,659: INFO: next steps: short (stochastic is verified)
2022-04-29 06:50:07,661: INFO: next steps (Short): Verify div (condition 5 min verified)
2022-04-29 06:50:07,752: INFO: skip (no divergence detected)
2022-04-29 06:50:07,752: INFO: 

###### Iteration at: 2022-04-29 06:50:07.752853 ######
2022-04-29 06:50:08,529: INFO: next steps: short (stochastic is verified)
2022-04-29 06:50:08,531: INFO: next steps (Short): Verify div (condition 5 min verified)
2022-04-29 06:50:08,618: INFO: skip (no divergence detected)
2022-04-29 06:50:08,618: INFO: 

###### Iteration at: 2022-04-29 06:50:08.618127 ######
2022-04-29 07:08:37,709: INFO: 







2022-04-29 07:08:37,710: INFO: ##################################################################
2022-04-29 07:08:37,711: INFO: ##################################################################
2022-04-29 07:08:37,711: INFO: ##################################################################
2022-04-29 07:08:37,711: INFO: ##################################################################
2022-04-29 07:08:37,712: INFO: 







2022-04-29 07:08:37,712: INFO: 

###### Iteration at: 2022-04-29 07:08:37.712138 ######
2022-04-29 07:08:38,758: INFO: 

###### Iteration at: 2022-04-29 07:08:38.758083 ######
2022-04-29 07:08:40,224: INFO: 

###### Iteration at: 2022-04-29 07:08:40.224547 ######
2022-04-29 07:08:40,914: INFO: 

###### Iteration at: 2022-04-29 07:08:40.914151 ######
2022-04-29 07:08:41,650: INFO: 

###### Iteration at: 2022-04-29 07:08:41.650609 ######
2022-04-29 07:08:43,816: INFO: 

###### Iteration at: 2022-04-29 07:08:43.816176 ######
2022-04-29 07:08:45,856: INFO: 

###### Iteration at: 2022-04-29 07:08:45.856566 ######
2022-04-29 07:08:47,287: INFO: 

###### Iteration at: 2022-04-29 07:08:47.287505 ######
2022-04-29 07:08:48,704: INFO: 

###### Iteration at: 2022-04-29 07:08:48.704984 ######
2022-04-29 07:08:49,448: INFO: 

###### Iteration at: 2022-04-29 07:08:49.448993 ######
2022-04-29 07:08:50,885: INFO: 

###### Iteration at: 2022-04-29 07:08:50.885621 ######
2022-04-29 07:08:51,631: INFO: 

###### Iteration at: 2022-04-29 07:08:51.631492 ######
2022-04-29 07:08:53,060: INFO: 

###### Iteration at: 2022-04-29 07:08:53.060484 ######
2022-04-29 07:08:53,784: INFO: 

###### Iteration at: 2022-04-29 07:08:53.784145 ######
2022-04-29 07:08:54,520: INFO: 

###### Iteration at: 2022-04-29 07:08:54.520521 ######
2022-04-29 07:08:55,918: INFO: 

###### Iteration at: 2022-04-29 07:08:55.918528 ######
2022-04-29 07:08:56,687: INFO: 

###### Iteration at: 2022-04-29 07:08:56.687235 ######
2022-04-29 07:08:57,590: INFO: 

###### Iteration at: 2022-04-29 07:08:57.590831 ######
2022-04-29 07:09:11,834: INFO: 







2022-04-29 07:09:11,835: INFO: ##################################################################
2022-04-29 07:09:11,835: INFO: ##################################################################
2022-04-29 07:09:11,835: INFO: ##################################################################
2022-04-29 07:09:11,835: INFO: ##################################################################
2022-04-29 07:09:11,835: INFO: 







2022-04-29 07:09:17,037: INFO: 

###### Iteration at: 2022-04-29 07:09:17.037964 ######
2022-04-29 07:12:29,428: INFO: 

###### Iteration at: 2022-04-29 07:12:29.428150 ######
